<?xml version="1.0" encoding="utf-8"?><testsuites name="pytest tests"><testsuite name="pytest" errors="0" failures="0" skipped="0" tests="93" time="111.051" timestamp="2026-07-27T17:48:27.817545+00:00" hostname="agent-env-42193c98-da2c-4967-be33-8fab0b13db02"><testcase classname="tests.backend_test.TestCustomTopics" name="test_add_custom_topic_requires_auth" time="0.135" /><testcase classname="tests.backend_test.TestCustomTopics" name="test_topics_mine_requires_auth" time="0.234" /><testcase classname="tests.backend_test.TestCustomTopics" name="test_delete_custom_topic_requires_auth" time="0.064" /><testcase classname="tests.backend_test.TestCustomTopicKinds" name="test_add_kind_person" time="0.500" /><testcase classname="tests.backend_test.TestCustomTopicKinds" name="test_add_kind_telegram_with_source" time="0.242" /><testcase classname="tests.backend_test.TestCustomTopics" name="test_add_custom_topic_too_short" time="0.355" /><testcase classname="tests.backend_test.TestCustomTopicKinds" name="test_add_kind_hashtag" time="0.067" /><testcase classname="tests.backend_test.TestCustomTopics" name="test_add_custom_topic_too_long" time="0.059" /><testcase classname="tests.backend_test.TestCustomTopicKinds" name="test_add_kind_channel" time="0.115" /><testcase classname="tests.backend_test.TestCustomTopics" name="test_add_custom_topic_success" time="0.062" /><testcase classname="tests.backend_test.TestCustomTopics" name="test_topics_mine_lists_added" time="0.060" /><testcase classname="tests.backend_test.TestCustomTopicKinds" name="test_add_kind_topic_default" time="0.111" /><testcase classname="tests.backend_test.TestCustomTopics" name="test_me_full_includes_custom_topics" time="0.063" /><testcase classname="tests.backend_test.TestCustomTopics" name="test_custom_topic_auto_added_to_preferred" time="0.059" /><testcase classname="tests.backend_test.TestCustomTopicKinds" name="test_topics_mine_includes_kind_and_source" time="0.069" /><testcase classname="tests.backend_test.TestCustomTopics" name="test_add_custom_topic_duplicate_no_dup" time="0.124" /><testcase classname="tests.backend_test.TestCustomTopicKinds" name="test_briefing_with_kind_person" time="10.628" /><testcase classname="tests.backend_test.TestCustomTopics" name="test_briefing_with_freeform_topic" time="0.075" /><testcase classname="tests.backend_test.TestCustomTopics" name="test_delete_custom_topic_removes_from_both_lists" time="0.185" /><testcase classname="tests.backend_test.TestRss" name="test_rss_topics_return_items[scienza]" time="0.297" /><testcase classname="tests.backend_test.TestRss" name="test_rss_topics_return_items[mercati]" time="0.323" /><testcase classname="tests.backend_test.TestRss" name="test_rss_topics_return_items[tecnologia]" time="0.379" /><testcase classname="tests.backend_test.TestRss" name="test_rss_topics_return_items[geopolitica]" time="8.062" /><testcase classname="tests.backend_test.TestRss" name="test_rss_topics_return_items[cripto]" time="0.371" /><testcase classname="tests.backend_test.TestRss" name="test_rss_by_italian_label" time="0.305" /><testcase classname="tests.backend_test.TestRss" name="test_rss_nonexistent_topic_empty" time="0.147" /><testcase classname="tests.backend_test.TestAuth" name="test_register_duplicate" time="0.063" /><testcase classname="tests.backend_test.TestAuth" name="test_login_valid" time="0.286" /><testcase classname="tests.backend_test.TestAuth" name="test_login_wrong_password" time="0.282" /><testcase classname="tests.backend_test.TestCustomTopicKinds" name="test_briefing_with_kind_telegram_source" time="11.612" /><testcase classname="tests.backend_test.TestAuth" name="test_me_without_token" time="0.059" /><testcase classname="tests.backend_test.TestAuth" name="test_me_with_token" time="0.059" /><testcase classname="tests.backend_test.TestAuth" name="test_update_preferences" time="0.198" /><testcase classname="tests.backend_test.TestExplain" name="test_explain_it" time="0.064" /><testcase classname="tests.backend_test.TestExplain" name="test_explain_cache" time="0.126" /><testcase classname="tests.backend_test.TestExplain" name="test_explain_en" time="0.059" /><testcase classname="tests.backend_test.TestExplain" name="test_explain_empty_word_400" time="0.059" /><testcase classname="tests.backend_test.TestExplain" name="test_explain_whitespace_only_400" time="0.065" /><testcase classname="tests.backend_test.TestExplain" name="test_explain_too_long_400" time="0.060" /><testcase classname="tests.backend_test.TestDigestFrequency" name="test_me_full_has_digest_frequency_default" time="0.064" /><testcase classname="tests.backend_test.TestDigestFrequency" name="test_digest_prefs_set_frequency_weekly" time="0.121" /><testcase classname="tests.backend_test.TestDigestFrequency" name="test_digest_prefs_set_frequency_daily" time="0.070" /><testcase classname="tests.backend_test.TestDigestFrequency" name="test_digest_prefs_legacy_enabled_still_works" time="0.119" /><testcase classname="tests.backend_test.TestDigestFrequency" name="test_digest_prefs_combined_enabled_and_frequency" time="0.125" /><testcase classname="tests.backend_test.TestDigestFrequency" name="test_digest_prefs_invalid_frequency_422" time="0.058" /><testcase classname="tests.backend_test.TestDigest" name="test_me_full_includes_digest_flag" time="0.058" /><testcase classname="tests.backend_test.TestDigest" name="test_digest_preferences_toggle" time="0.250" /><testcase classname="tests.backend_test.TestDigest" name="test_digest_preferences_requires_auth" time="0.058" /><testcase classname="tests.backend_test.TestDigest" name="test_digest_send_now" time="0.306" /><testcase classname="tests.backend_test.TestDigest" name="test_digest_send_now_requires_auth" time="0.110" /><testcase classname="tests.backend_test.TestPublicViews" name="test_views_increment_on_public_get" time="0.529" /><testcase classname="tests.backend_test.TestPublicViews" name="test_views_endpoint_shape" time="0.059" /><testcase classname="tests.backend_test.TestPublicViews" name="test_views_not_found" time="0.059" /><testcase classname="tests.backend_test.TestPublicViews" name="test_briefing_item_has_views_field" time="0.065" /><testcase classname="tests.backend_test.TestArticleQA" name="test_qa_post_returns_answer" time="4.611" /><testcase classname="tests.backend_test.TestArticleQA" name="test_qa_get_lists_history" time="0.062" /><testcase classname="tests.backend_test.TestArticleQA" name="test_qa_question_too_short_422" time="0.057" /><testcase classname="tests.backend_test.TestArticleQA" name="test_qa_nonexistent_briefing_404" time="0.062" /><testcase classname="tests.backend_test.TestDebate" name="test_debate_returns_3_sides_with_arguments" time="0.118" /><testcase classname="tests.backend_test.TestDebate" name="test_debate_cache_returns_same" time="0.126" /><testcase classname="tests.backend_test.TestDebate" name="test_debate_refresh_true_regenerates" time="8.743" /><testcase classname="tests.backend_test.TestCustomTopicKinds" name="test_cleanup_kind_topics" time="0.368" /><testcase classname="tests.backend_test.TestNews" name="test_briefing_it" time="0.076" /><testcase classname="tests.backend_test.TestNews" name="test_briefing_cache" time="0.076" /><testcase classname="tests.backend_test.TestNews" name="test_briefing_en" time="0.075" /><testcase classname="tests.backend_test.TestNews" name="test_deep_dive" time="0.070" /><testcase classname="tests.backend_test.TestNews" name="test_deep_dive_not_found" time="0.074" /><testcase classname="tests.backend_test.TestNews" name="test_ask" time="7.549" /><testcase classname="tests.backend_test.TestDebate" name="test_debate_nonexistent_404" time="0.072" /><testcase classname="tests.backend_test.TestSaved" name="test_save_add_list_delete" time="0.320" /><testcase classname="tests.backend_test.TestSaved" name="test_save_requires_auth" time="0.062" /><testcase classname="tests.backend_test.TestSaved" name="test_save_nonexistent_briefing" time="0.064" /><testcase classname="tests.backend_test.TestOgImage" name="test_og_image_valid_id" time="0.368" /><testcase classname="tests.backend_test.TestOgImage" name="test_og_image_fallback_nonexistent" time="0.110" /><testcase classname="tests.backend_test.TestOgImage" name="test_og_image_cache_header_app_level" time="0.066" /><testcase classname="tests.backend_test.TestBasic" name="test_root" time="0.059" /><testcase classname="tests.backend_test.TestBasic" name="test_topics" time="0.060" /><testcase classname="tests.backend_test.TestPublic" name="test_public_briefing_no_auth" time="0.187" /><testcase classname="tests.backend_test.TestPublic" name="test_public_briefing_not_found" time="0.063" /><testcase classname="tests.backend_test.TestOgImageDate" name="test_og_image_uses_generated_at_from_doc" time="0.486" /><testcase classname="tests.backend_test.TestOgImageDate" name="test_og_image_date_differs_from_today_for_backdated_doc" time="0.314" /><testcase classname="tests.backend_test.TestModularStructure" name="test_root_ping" time="0.059" /><testcase classname="tests.backend_test.TestModularStructure" name="test_openapi_has_expected_endpoints" time="0.003" /><testcase classname="tests.backend_test.TestTranslationCache" name="test_cold_call_translates" time="2.253" /><testcase classname="tests.backend_test.TestTts" name="test_tts_from_text" time="1.231" /><testcase classname="tests.backend_test.TestTts" name="test_tts_empty_text_400" time="0.073" /><testcase classname="tests.backend_test.TestTts" name="test_tts_from_briefing_and_cache" time="0.673" /><testcase classname="tests.backend_test.TestTranslationCache" name="test_warm_call_from_different_user_hits_cache" time="0.403" /><testcase classname="tests.backend_test.TestStartupMigration" name="test_new_topics_use_new_key_format" time="1.627" /><testcase classname="tests.backend_test.TestStartupMigration" name="test_authenticated_user_topics_have_kind_field" time="1.640" /><testcase classname="tests.backend_test.TestQARateLimit" name="test_3_succeed_4th_429" time="25.528" /><testcase classname="tests.backend_test.TestQARateLimit" name="test_author_name_attribution_when_authenticated" time="40.188" /><testcase classname="tests.backend_test.TestKindPromptEN" name="test_briefing_en_person_musk" time="11.146" /></testsuite></testsuites>