<?xml version="1.0" encoding="utf-8"?><testsuites name="pytest tests"><testsuite name="pytest" errors="0" failures="0" skipped="0" tests="47" time="14.816" timestamp="2026-07-27T13:36:19.088991+00:00" hostname="agent-env-42193c98-da2c-4967-be33-8fab0b13db02"><testcase classname="tests.backend_test.TestRss" name="test_rss_topics_return_items[scienza]" time="0.538" /><testcase classname="tests.backend_test.TestAuth" name="test_register_duplicate" time="0.516" /><testcase classname="tests.backend_test.TestAuth" name="test_login_valid" time="0.286" /><testcase classname="tests.backend_test.TestRss" name="test_rss_topics_return_items[mercati]" time="0.602" /><testcase classname="tests.backend_test.TestAuth" name="test_login_wrong_password" time="0.350" /><testcase classname="tests.backend_test.TestRss" name="test_rss_topics_return_items[tecnologia]" time="0.459" /><testcase classname="tests.backend_test.TestAuth" name="test_me_without_token" time="0.063" /><testcase classname="tests.backend_test.TestAuth" name="test_me_with_token" time="0.097" /><testcase classname="tests.backend_test.TestAuth" name="test_update_preferences" time="0.191" /><testcase classname="tests.backend_test.TestNews" name="test_briefing_it" time="0.069" /><testcase classname="tests.backend_test.TestNews" name="test_briefing_cache" time="0.064" /><testcase classname="tests.backend_test.TestRss" name="test_rss_topics_return_items[geopolitica]" time="8.053" /><testcase classname="tests.backend_test.TestNews" name="test_briefing_en" time="0.129" /><testcase classname="tests.backend_test.TestNews" name="test_deep_dive" time="0.098" /><testcase classname="tests.backend_test.TestNews" name="test_deep_dive_not_found" time="0.067" /><testcase classname="tests.backend_test.TestNews" name="test_ask" time="6.906" /><testcase classname="tests.backend_test.TestExplain" name="test_explain_it" time="0.064" /><testcase classname="tests.backend_test.TestExplain" name="test_explain_cache" time="0.132" /><testcase classname="tests.backend_test.TestExplain" name="test_explain_en" time="0.070" /><testcase classname="tests.backend_test.TestExplain" name="test_explain_empty_word_400" time="0.060" /><testcase classname="tests.backend_test.TestExplain" name="test_explain_whitespace_only_400" time="0.066" /><testcase classname="tests.backend_test.TestExplain" name="test_explain_too_long_400" time="0.064" /><testcase classname="tests.backend_test.TestDigest" name="test_me_full_includes_digest_flag" time="0.067" /><testcase classname="tests.backend_test.TestDigest" name="test_digest_preferences_toggle" time="0.267" /><testcase classname="tests.backend_test.TestDigest" name="test_digest_preferences_requires_auth" time="0.104" /><testcase classname="tests.backend_test.TestRss" name="test_rss_topics_return_items[cripto]" time="0.486" /><testcase classname="tests.backend_test.TestDigest" name="test_digest_send_now" time="0.316" /><testcase classname="tests.backend_test.TestDigest" name="test_digest_send_now_requires_auth" time="0.061" /><testcase classname="tests.backend_test.TestRss" name="test_rss_by_italian_label" time="0.453" /><testcase classname="tests.backend_test.TestPublicViews" name="test_views_increment_on_public_get" time="0.468" /><testcase classname="tests.backend_test.TestPublicViews" name="test_views_endpoint_shape" time="0.065" /><testcase classname="tests.backend_test.TestRss" name="test_rss_nonexistent_topic_empty" time="0.056" /><testcase classname="tests.backend_test.TestPublicViews" name="test_views_not_found" time="0.279" /><testcase classname="tests.backend_test.TestPublicViews" name="test_briefing_item_has_views_field" time="0.064" /><testcase classname="tests.backend_test.TestSaved" name="test_save_add_list_delete" time="2.700" /><testcase classname="tests.backend_test.TestTts" name="test_tts_from_text" time="2.220" /><testcase classname="tests.backend_test.TestTts" name="test_tts_empty_text_400" time="0.105" /><testcase classname="tests.backend_test.TestTts" name="test_tts_from_briefing_and_cache" time="0.589" /><testcase classname="tests.backend_test.TestSaved" name="test_save_requires_auth" time="0.049" /><testcase classname="tests.backend_test.TestSaved" name="test_save_nonexistent_briefing" time="0.057" /><testcase classname="tests.backend_test.TestBasic" name="test_root" time="0.053" /><testcase classname="tests.backend_test.TestBasic" name="test_topics" time="0.067" /><testcase classname="tests.backend_test.TestPublic" name="test_public_briefing_no_auth" time="0.221" /><testcase classname="tests.backend_test.TestPublic" name="test_public_briefing_not_found" time="0.061" /><testcase classname="tests.backend_test.TestOgImage" name="test_og_image_valid_id" time="0.233" /><testcase classname="tests.backend_test.TestOgImage" name="test_og_image_fallback_nonexistent" time="0.121" /><testcase classname="tests.backend_test.TestOgImage" name="test_og_image_cache_header_app_level" time="0.065" /></testsuite></testsuites>